[main 83712bd] AUTOCOMMIT 2025-03-26 16:14:15 UTC
 Committer: Ubuntu <ubuntu@ov-ff7805.infomaniak.ch>
Your name and email address were configured automatically based
on your username and hostname. Please check that they are accurate.
You can suppress this message by setting them explicitly. Run the
following command and follow the instructions in your editor to edit
your configuration file:

    git config --global --edit

After doing this, you may fix the identity used for this commit with:

    git commit --amend --reset-author

To github.com:v0r0bi0v/gym-statistics.git
   ca43675..83712bd  main -> main
[main 889aebd] AUTOCOMMIT 2025-03-26 16:19:17 UTC
 Committer: Ubuntu <ubuntu@ov-ff7805.infomaniak.ch>
Your name and email address were configured automatically based
on your username and hostname. Please check that they are accurate.
You can suppress this message by setting them explicitly. Run the
following command and follow the instructions in your editor to edit
your configuration file:

    git config --global --edit

After doing this, you may fix the identity used for this commit with:

    git commit --amend --reset-author

 3 files changed, 51 insertions(+), 1 deletion(-)
To github.com:v0r0bi0v/gym-statistics.git
   83712bd..889aebd  main -> main
