2025-03-26 16:25:26,747 - httpx - INFO - HTTP Request: POST https://api.telegram.org/bot7603890159:AAGn0F0EQqJcuJbBKTI0pTH_DdJ76hlc7Sk/getMe "HTTP/1.1 200 OK"
2025-03-26 16:25:26,772 - httpx - INFO - HTTP Request: POST https://api.telegram.org/bot7603890159:AAGn0F0EQqJcuJbBKTI0pTH_DdJ76hlc7Sk/deleteWebhook "HTTP/1.1 200 OK"
2025-03-26 16:25:26,773 - telegram.ext.Application - INFO - Application started
2025-03-26 16:25:36,836 - httpx - INFO - HTTP Request: POST https://api.telegram.org/bot7603890159:AAGn0F0EQqJcuJbBKTI0pTH_DdJ76hlc7Sk/getUpdates "HTTP/1.1 200 OK"
2025-03-26 16:25:46,857 - httpx - INFO - HTTP Request: POST https://api.telegram.org/bot7603890159:AAGn0F0EQqJcuJbBKTI0pTH_DdJ76hlc7Sk/getUpdates "HTTP/1.1 200 OK"
2025-03-26 16:25:47,695 - httpx - INFO - HTTP Request: POST https://api.telegram.org/bot7603890159:AAGn0F0EQqJcuJbBKTI0pTH_DdJ76hlc7Sk/getUpdates "HTTP/1.1 200 OK"
2025-03-26 16:25:47,790 - httpx - INFO - HTTP Request: POST https://api.telegram.org/bot7603890159:AAGn0F0EQqJcuJbBKTI0pTH_DdJ76hlc7Sk/sendMessage "HTTP/1.1 200 OK"
2025-03-26 16:25:57,722 - httpx - INFO - HTTP Request: POST https://api.telegram.org/bot7603890159:AAGn0F0EQqJcuJbBKTI0pTH_DdJ76hlc7Sk/getUpdates "HTTP/1.1 200 OK"
2025-03-26 16:26:07,742 - httpx - INFO - HTTP Request: POST https://api.telegram.org/bot7603890159:AAGn0F0EQqJcuJbBKTI0pTH_DdJ76hlc7Sk/getUpdates "HTTP/1.1 200 OK"
2025-03-26 16:26:17,767 - httpx - INFO - HTTP Request: POST https://api.telegram.org/bot7603890159:AAGn0F0EQqJcuJbBKTI0pTH_DdJ76hlc7Sk/getUpdates "HTTP/1.1 200 OK"
2025-03-26 16:26:27,792 - httpx - INFO - HTTP Request: POST https://api.telegram.org/bot7603890159:AAGn0F0EQqJcuJbBKTI0pTH_DdJ76hlc7Sk/getUpdates "HTTP/1.1 200 OK"
2025-03-26 16:26:37,813 - httpx - INFO - HTTP Request: POST https://api.telegram.org/bot7603890159:AAGn0F0EQqJcuJbBKTI0pTH_DdJ76hlc7Sk/getUpdates "HTTP/1.1 200 OK"
2025-03-26 16:26:47,837 - httpx - INFO - HTTP Request: POST https://api.telegram.org/bot7603890159:AAGn0F0EQqJcuJbBKTI0pTH_DdJ76hlc7Sk/getUpdates "HTTP/1.1 200 OK"
2025-03-26 16:26:57,862 - httpx - INFO - HTTP Request: POST https://api.telegram.org/bot7603890159:AAGn0F0EQqJcuJbBKTI0pTH_DdJ76hlc7Sk/getUpdates "HTTP/1.1 200 OK"
2025-03-26 16:27:07,884 - httpx - INFO - HTTP Request: POST https://api.telegram.org/bot7603890159:AAGn0F0EQqJcuJbBKTI0pTH_DdJ76hlc7Sk/getUpdates "HTTP/1.1 200 OK"
2025-03-26 16:27:17,907 - httpx - INFO - HTTP Request: POST https://api.telegram.org/bot7603890159:AAGn0F0EQqJcuJbBKTI0pTH_DdJ76hlc7Sk/getUpdates "HTTP/1.1 200 OK"
2025-03-26 16:27:27,929 - httpx - INFO - HTTP Request: POST https://api.telegram.org/bot7603890159:AAGn0F0EQqJcuJbBKTI0pTH_DdJ76hlc7Sk/getUpdates "HTTP/1.1 200 OK"
2025-03-26 16:27:37,952 - httpx - INFO - HTTP Request: POST https://api.telegram.org/bot7603890159:AAGn0F0EQqJcuJbBKTI0pTH_DdJ76hlc7Sk/getUpdates "HTTP/1.1 200 OK"
2025-03-26 16:27:47,973 - httpx - INFO - HTTP Request: POST https://api.telegram.org/bot7603890159:AAGn0F0EQqJcuJbBKTI0pTH_DdJ76hlc7Sk/getUpdates "HTTP/1.1 200 OK"
2025-03-26 16:27:57,994 - httpx - INFO - HTTP Request: POST https://api.telegram.org/bot7603890159:AAGn0F0EQqJcuJbBKTI0pTH_DdJ76hlc7Sk/getUpdates "HTTP/1.1 200 OK"
2025-03-26 16:28:08,014 - httpx - INFO - HTTP Request: POST https://api.telegram.org/bot7603890159:AAGn0F0EQqJcuJbBKTI0pTH_DdJ76hlc7Sk/getUpdates "HTTP/1.1 200 OK"
2025-03-26 16:28:18,034 - httpx - INFO - HTTP Request: POST https://api.telegram.org/bot7603890159:AAGn0F0EQqJcuJbBKTI0pTH_DdJ76hlc7Sk/getUpdates "HTTP/1.1 200 OK"
2025-03-26 16:28:28,056 - httpx - INFO - HTTP Request: POST https://api.telegram.org/bot7603890159:AAGn0F0EQqJcuJbBKTI0pTH_DdJ76hlc7Sk/getUpdates "HTTP/1.1 200 OK"
2025-03-26 16:28:38,079 - httpx - INFO - HTTP Request: POST https://api.telegram.org/bot7603890159:AAGn0F0EQqJcuJbBKTI0pTH_DdJ76hlc7Sk/getUpdates "HTTP/1.1 200 OK"
2025-03-26 16:28:48,103 - httpx - INFO - HTTP Request: POST https://api.telegram.org/bot7603890159:AAGn0F0EQqJcuJbBKTI0pTH_DdJ76hlc7Sk/getUpdates "HTTP/1.1 200 OK"
2025-03-26 16:28:58,125 - httpx - INFO - HTTP Request: POST https://api.telegram.org/bot7603890159:AAGn0F0EQqJcuJbBKTI0pTH_DdJ76hlc7Sk/getUpdates "HTTP/1.1 200 OK"
2025-03-26 16:29:08,144 - httpx - INFO - HTTP Request: POST https://api.telegram.org/bot7603890159:AAGn0F0EQqJcuJbBKTI0pTH_DdJ76hlc7Sk/getUpdates "HTTP/1.1 200 OK"
2025-03-26 16:29:18,174 - httpx - INFO - HTTP Request: POST https://api.telegram.org/bot7603890159:AAGn0F0EQqJcuJbBKTI0pTH_DdJ76hlc7Sk/getUpdates "HTTP/1.1 200 OK"
2025-03-26 16:29:28,195 - httpx - INFO - HTTP Request: POST https://api.telegram.org/bot7603890159:AAGn0F0EQqJcuJbBKTI0pTH_DdJ76hlc7Sk/getUpdates "HTTP/1.1 200 OK"
2025-03-26 16:29:38,216 - httpx - INFO - HTTP Request: POST https://api.telegram.org/bot7603890159:AAGn0F0EQqJcuJbBKTI0pTH_DdJ76hlc7Sk/getUpdates "HTTP/1.1 200 OK"
2025-03-26 16:29:48,239 - httpx - INFO - HTTP Request: POST https://api.telegram.org/bot7603890159:AAGn0F0EQqJcuJbBKTI0pTH_DdJ76hlc7Sk/getUpdates "HTTP/1.1 200 OK"
2025-03-26 16:29:58,264 - httpx - INFO - HTTP Request: POST https://api.telegram.org/bot7603890159:AAGn0F0EQqJcuJbBKTI0pTH_DdJ76hlc7Sk/getUpdates "HTTP/1.1 200 OK"
2025-03-26 16:30:08,285 - httpx - INFO - HTTP Request: POST https://api.telegram.org/bot7603890159:AAGn0F0EQqJcuJbBKTI0pTH_DdJ76hlc7Sk/getUpdates "HTTP/1.1 200 OK"
2025-03-26 16:30:18,314 - httpx - INFO - HTTP Request: POST https://api.telegram.org/bot7603890159:AAGn0F0EQqJcuJbBKTI0pTH_DdJ76hlc7Sk/getUpdates "HTTP/1.1 200 OK"
2025-03-26 16:30:28,342 - httpx - INFO - HTTP Request: POST https://api.telegram.org/bot7603890159:AAGn0F0EQqJcuJbBKTI0pTH_DdJ76hlc7Sk/getUpdates "HTTP/1.1 200 OK"
2025-03-26 16:30:38,365 - httpx - INFO - HTTP Request: POST https://api.telegram.org/bot7603890159:AAGn0F0EQqJcuJbBKTI0pTH_DdJ76hlc7Sk/getUpdates "HTTP/1.1 200 OK"
2025-03-26 16:30:48,388 - httpx - INFO - HTTP Request: POST https://api.telegram.org/bot7603890159:AAGn0F0EQqJcuJbBKTI0pTH_DdJ76hlc7Sk/getUpdates "HTTP/1.1 200 OK"
2025-03-26 16:30:58,409 - httpx - INFO - HTTP Request: POST https://api.telegram.org/bot7603890159:AAGn0F0EQqJcuJbBKTI0pTH_DdJ76hlc7Sk/getUpdates "HTTP/1.1 200 OK"
2025-03-26 16:31:08,430 - httpx - INFO - HTTP Request: POST https://api.telegram.org/bot7603890159:AAGn0F0EQqJcuJbBKTI0pTH_DdJ76hlc7Sk/getUpdates "HTTP/1.1 200 OK"
2025-03-26 16:31:14,181 - httpx - INFO - HTTP Request: POST https://api.telegram.org/bot7603890159:AAGn0F0EQqJcuJbBKTI0pTH_DdJ76hlc7Sk/getUpdates "HTTP/1.1 200 OK"
2025-03-26 16:31:14,392 - httpx - INFO - HTTP Request: POST https://api.telegram.org/bot7603890159:AAGn0F0EQqJcuJbBKTI0pTH_DdJ76hlc7Sk/sendMessage "HTTP/1.1 200 OK"
2025-03-26 16:31:19,705 - httpx - INFO - HTTP Request: POST https://api.telegram.org/bot7603890159:AAGn0F0EQqJcuJbBKTI0pTH_DdJ76hlc7Sk/getUpdates "HTTP/1.1 200 OK"
2025-03-26 16:31:19,801 - httpx - INFO - HTTP Request: POST https://api.telegram.org/bot7603890159:AAGn0F0EQqJcuJbBKTI0pTH_DdJ76hlc7Sk/sendMessage "HTTP/1.1 200 OK"
2025-03-26 16:31:29,729 - httpx - INFO - HTTP Request: POST https://api.telegram.org/bot7603890159:AAGn0F0EQqJcuJbBKTI0pTH_DdJ76hlc7Sk/getUpdates "HTTP/1.1 200 OK"
2025-03-26 16:31:32,544 - httpx - INFO - HTTP Request: POST https://api.telegram.org/bot7603890159:AAGn0F0EQqJcuJbBKTI0pTH_DdJ76hlc7Sk/getUpdates "HTTP/1.1 200 OK"
2025-03-26 16:31:32,624 - httpx - INFO - HTTP Request: POST https://api.telegram.org/bot7603890159:AAGn0F0EQqJcuJbBKTI0pTH_DdJ76hlc7Sk/sendMessage "HTTP/1.1 200 OK"
2025-03-26 16:31:42,567 - httpx - INFO - HTTP Request: POST https://api.telegram.org/bot7603890159:AAGn0F0EQqJcuJbBKTI0pTH_DdJ76hlc7Sk/getUpdates "HTTP/1.1 200 OK"
2025-03-26 16:31:52,588 - httpx - INFO - HTTP Request: POST https://api.telegram.org/bot7603890159:AAGn0F0EQqJcuJbBKTI0pTH_DdJ76hlc7Sk/getUpdates "HTTP/1.1 200 OK"
2025-03-26 16:32:02,612 - httpx - INFO - HTTP Request: POST https://api.telegram.org/bot7603890159:AAGn0F0EQqJcuJbBKTI0pTH_DdJ76hlc7Sk/getUpdates "HTTP/1.1 200 OK"
2025-03-26 16:32:12,633 - httpx - INFO - HTTP Request: POST https://api.telegram.org/bot7603890159:AAGn0F0EQqJcuJbBKTI0pTH_DdJ76hlc7Sk/getUpdates "HTTP/1.1 200 OK"
2025-03-26 16:32:22,600 - httpx - INFO - HTTP Request: POST https://api.telegram.org/bot7603890159:AAGn0F0EQqJcuJbBKTI0pTH_DdJ76hlc7Sk/getUpdates "HTTP/1.1 200 OK"
2025-03-26 16:32:22,719 - httpx - INFO - HTTP Request: POST https://api.telegram.org/bot7603890159:AAGn0F0EQqJcuJbBKTI0pTH_DdJ76hlc7Sk/sendMessage "HTTP/1.1 200 OK"
2025-03-26 16:32:32,623 - httpx - INFO - HTTP Request: POST https://api.telegram.org/bot7603890159:AAGn0F0EQqJcuJbBKTI0pTH_DdJ76hlc7Sk/getUpdates "HTTP/1.1 200 OK"
2025-03-26 16:32:41,971 - httpx - INFO - HTTP Request: POST https://api.telegram.org/bot7603890159:AAGn0F0EQqJcuJbBKTI0pTH_DdJ76hlc7Sk/getUpdates "HTTP/1.1 200 OK"
2025-03-26 16:32:42,080 - httpx - INFO - HTTP Request: POST https://api.telegram.org/bot7603890159:AAGn0F0EQqJcuJbBKTI0pTH_DdJ76hlc7Sk/sendMessage "HTTP/1.1 200 OK"
2025-03-26 16:32:49,933 - httpx - INFO - HTTP Request: POST https://api.telegram.org/bot7603890159:AAGn0F0EQqJcuJbBKTI0pTH_DdJ76hlc7Sk/getUpdates "HTTP/1.1 200 OK"
2025-03-26 16:32:50,043 - httpx - INFO - HTTP Request: POST https://api.telegram.org/bot7603890159:AAGn0F0EQqJcuJbBKTI0pTH_DdJ76hlc7Sk/sendMessage "HTTP/1.1 200 OK"
2025-03-26 16:32:55,256 - httpx - INFO - HTTP Request: POST https://api.telegram.org/bot7603890159:AAGn0F0EQqJcuJbBKTI0pTH_DdJ76hlc7Sk/getUpdates "HTTP/1.1 200 OK"
2025-03-26 16:32:55,466 - httpx - INFO - HTTP Request: POST https://api.telegram.org/bot7603890159:AAGn0F0EQqJcuJbBKTI0pTH_DdJ76hlc7Sk/sendMessage "HTTP/1.1 200 OK"
2025-03-26 16:32:57,554 - httpx - INFO - HTTP Request: POST https://api.telegram.org/bot7603890159:AAGn0F0EQqJcuJbBKTI0pTH_DdJ76hlc7Sk/getUpdates "HTTP/1.1 200 OK"
2025-03-26 16:32:57,600 - httpx - INFO - HTTP Request: POST https://api.telegram.org/bot7603890159:AAGn0F0EQqJcuJbBKTI0pTH_DdJ76hlc7Sk/sendMessage "HTTP/1.1 200 OK"
2025-03-26 16:32:59,443 - httpx - INFO - HTTP Request: POST https://api.telegram.org/bot7603890159:AAGn0F0EQqJcuJbBKTI0pTH_DdJ76hlc7Sk/getUpdates "HTTP/1.1 200 OK"
2025-03-26 16:32:59,489 - httpx - INFO - HTTP Request: POST https://api.telegram.org/bot7603890159:AAGn0F0EQqJcuJbBKTI0pTH_DdJ76hlc7Sk/sendMessage "HTTP/1.1 200 OK"
2025-03-26 16:33:00,450 - httpx - INFO - HTTP Request: POST https://api.telegram.org/bot7603890159:AAGn0F0EQqJcuJbBKTI0pTH_DdJ76hlc7Sk/getUpdates "HTTP/1.1 200 OK"
2025-03-26 16:33:00,556 - httpx - INFO - HTTP Request: POST https://api.telegram.org/bot7603890159:AAGn0F0EQqJcuJbBKTI0pTH_DdJ76hlc7Sk/sendMessage "HTTP/1.1 200 OK"
2025-03-26 16:33:10,535 - httpx - INFO - HTTP Request: POST https://api.telegram.org/bot7603890159:AAGn0F0EQqJcuJbBKTI0pTH_DdJ76hlc7Sk/getUpdates "HTTP/1.1 200 OK"
2025-03-26 16:33:20,558 - httpx - INFO - HTTP Request: POST https://api.telegram.org/bot7603890159:AAGn0F0EQqJcuJbBKTI0pTH_DdJ76hlc7Sk/getUpdates "HTTP/1.1 200 OK"
2025-03-26 16:33:30,577 - httpx - INFO - HTTP Request: POST https://api.telegram.org/bot7603890159:AAGn0F0EQqJcuJbBKTI0pTH_DdJ76hlc7Sk/getUpdates "HTTP/1.1 200 OK"
2025-03-26 16:33:35,279 - httpx - INFO - HTTP Request: POST https://api.telegram.org/bot7603890159:AAGn0F0EQqJcuJbBKTI0pTH_DdJ76hlc7Sk/getUpdates "HTTP/1.1 200 OK"
2025-03-26 16:33:35,361 - httpx - INFO - HTTP Request: POST https://api.telegram.org/bot7603890159:AAGn0F0EQqJcuJbBKTI0pTH_DdJ76hlc7Sk/sendMessage "HTTP/1.1 200 OK"
2025-03-26 16:33:45,306 - httpx - INFO - HTTP Request: POST https://api.telegram.org/bot7603890159:AAGn0F0EQqJcuJbBKTI0pTH_DdJ76hlc7Sk/getUpdates "HTTP/1.1 200 OK"
2025-03-26 16:33:55,326 - httpx - INFO - HTTP Request: POST https://api.telegram.org/bot7603890159:AAGn0F0EQqJcuJbBKTI0pTH_DdJ76hlc7Sk/getUpdates "HTTP/1.1 200 OK"
2025-03-26 16:34:05,347 - httpx - INFO - HTTP Request: POST https://api.telegram.org/bot7603890159:AAGn0F0EQqJcuJbBKTI0pTH_DdJ76hlc7Sk/getUpdates "HTTP/1.1 200 OK"
2025-03-26 16:34:15,368 - httpx - INFO - HTTP Request: POST https://api.telegram.org/bot7603890159:AAGn0F0EQqJcuJbBKTI0pTH_DdJ76hlc7Sk/getUpdates "HTTP/1.1 200 OK"
2025-03-26 16:34:25,391 - httpx - INFO - HTTP Request: POST https://api.telegram.org/bot7603890159:AAGn0F0EQqJcuJbBKTI0pTH_DdJ76hlc7Sk/getUpdates "HTTP/1.1 200 OK"
2025-03-26 16:34:35,413 - httpx - INFO - HTTP Request: POST https://api.telegram.org/bot7603890159:AAGn0F0EQqJcuJbBKTI0pTH_DdJ76hlc7Sk/getUpdates "HTTP/1.1 200 OK"
2025-03-26 16:34:45,433 - httpx - INFO - HTTP Request: POST https://api.telegram.org/bot7603890159:AAGn0F0EQqJcuJbBKTI0pTH_DdJ76hlc7Sk/getUpdates "HTTP/1.1 200 OK"
2025-03-26 16:34:55,456 - httpx - INFO - HTTP Request: POST https://api.telegram.org/bot7603890159:AAGn0F0EQqJcuJbBKTI0pTH_DdJ76hlc7Sk/getUpdates "HTTP/1.1 200 OK"
2025-03-26 16:35:05,477 - httpx - INFO - HTTP Request: POST https://api.telegram.org/bot7603890159:AAGn0F0EQqJcuJbBKTI0pTH_DdJ76hlc7Sk/getUpdates "HTTP/1.1 200 OK"
2025-03-26 16:35:15,500 - httpx - INFO - HTTP Request: POST https://api.telegram.org/bot7603890159:AAGn0F0EQqJcuJbBKTI0pTH_DdJ76hlc7Sk/getUpdates "HTTP/1.1 200 OK"
2025-03-26 16:35:25,520 - httpx - INFO - HTTP Request: POST https://api.telegram.org/bot7603890159:AAGn0F0EQqJcuJbBKTI0pTH_DdJ76hlc7Sk/getUpdates "HTTP/1.1 200 OK"
